{"meta": {"version": "7.3.0", "timestamp": "2023-10-02T15:37:57.518461", "branch_coverage": false, "show_contexts": false}, "files": {"example/__init__.py": {"executed_lines": [1], "summary": {"covered_lines": 0, "num_statements": 0, "percent_covered": 100.0, "percent_covered_display": "100", "missing_lines": 0, "excluded_lines": 0}, "missing_lines": [], "excluded_lines": []}, "loris_log/__init__.py": {"executed_lines": [1], "summary": {"covered_lines": 0, "num_statements": 0, "percent_covered": 100.0, "percent_covered_display": "100", "missing_lines": 0, "excluded_lines": 0}, "missing_lines": [], "excluded_lines": []}, "loris_log/boto3Client.py": {"executed_lines": [1, 5, 6, 7, 13, 14, 17, 39, 42, 44, 45, 47, 48, 50, 51, 53, 58, 65, 66, 68, 78, 82, 84, 95, 96, 99, 100, 102, 120, 122, 124, 125, 129, 133, 137, 140, 142, 144, 145, 148, 150, 170, 173, 175, 177, 180, 184, 195, 196], "summary": {"covered_lines": 47, "num_statements": 47, "percent_covered": 100.0, "percent_covered_display": "100", "missing_lines": 0, "excluded_lines": 0}, "missing_lines": [], "excluded_lines": []}, "loris_log/customLog.py": {"executed_lines": [1, 4, 5, 6, 7, 8, 14, 15, 19, 20, 46, 47, 49, 52, 54, 56, 58, 59, 60, 61, 62, 64, 65, 91, 92, 94, 97, 99, 101, 103, 104, 105, 106, 107, 109, 110, 136, 137, 139, 142, 144, 146, 148, 149, 150, 151, 152, 154, 155, 181, 182, 184, 187, 189, 191, 193, 194, 195, 196, 197, 199, 200, 226, 227, 229, 232, 234, 236, 238, 239, 240, 241, 242, 244, 245, 271, 272, 274, 277, 279, 281, 283, 284, 285, 286, 287, 289, 290, 316, 317, 319, 322, 324, 326, 328, 329, 330, 331, 332, 334, 335, 361, 362, 364, 367, 369, 371, 373, 374, 375, 376, 377, 379, 380, 408, 411, 413, 416, 418, 421, 423, 424, 426, 427, 428], "summary": {"covered_lines": 123, "num_statements": 123, "percent_covered": 100.0, "percent_covered_display": "100", "missing_lines": 0, "excluded_lines": 0}, "missing_lines": [], "excluded_lines": []}, "loris_log/ftpClient.py": {"executed_lines": [1, 5, 6, 7, 8, 9, 21, 22, 25, 56, 58, 60, 63, 65, 68, 70, 72, 73, 74, 75, 76, 77, 78, 79, 81, 91, 92, 93, 95, 102, 104, 115, 117, 128, 130, 145, 147, 149, 151, 153, 155, 156, 158, 161, 162, 166, 170, 171, 172, 173, 174, 175, 176, 177, 179, 202, 204, 206, 209, 211, 213, 216, 218, 220, 223, 225, 227, 228, 229, 230, 232, 245, 247, 249, 251, 253, 255, 256, 260, 261, 262, 266, 268, 271, 272, 273, 274, 275, 276, 277, 278, 280, 302, 304, 306, 309, 311, 313, 316, 319, 320, 325, 326, 327, 328, 329, 330], "summary": {"covered_lines": 105, "num_statements": 107, "percent_covered": 98.13084112149532, "percent_covered_display": "98", "missing_lines": 2, "excluded_lines": 0}, "missing_lines": [221, 321], "excluded_lines": []}, "loris_log/myException.py": {"executed_lines": [1, 4, 5, 11, 12, 14, 15, 21, 22, 24, 25, 31, 32, 34, 35, 41, 42, 44, 45, 51, 52, 54, 55, 61, 62, 64, 65, 71, 72, 74, 75, 81, 82, 84, 85, 90, 91, 93, 94, 99, 100, 102, 103, 108, 109, 111, 112, 118, 119, 121, 122, 128, 129], "summary": {"covered_lines": 39, "num_statements": 39, "percent_covered": 100.0, "percent_covered_display": "100", "missing_lines": 0, "excluded_lines": 0}, "missing_lines": [], "excluded_lines": []}, "test/__init__.py": {"executed_lines": [1], "summary": {"covered_lines": 0, "num_statements": 0, "percent_covered": 100.0, "percent_covered_display": "100", "missing_lines": 0, "excluded_lines": 0}, "missing_lines": [], "excluded_lines": []}}, "totals": {"covered_lines": 314, "num_statements": 316, "percent_covered": 99.36708860759494, "percent_covered_display": "99", "missing_lines": 2, "excluded_lines": 0}}